<?xml version="1.0" encoding="UTF-8"?>
<testsuite name="com.discount.discount.DiscountApplicationTests" tests="1" skipped="0" failures="0" errors="0" timestamp="2021-12-18T11:50:21" hostname="Sabbagh99" time="3.084">
  <properties/>
  <testcase name="contextLoads()" classname="com.discount.discount.DiscountApplicationTests" time="3.084"/>
  <system-out><![CDATA[13:49:50.820 [Test worker] DEBUG org.springframework.test.context.BootstrapUtils - Instantiating CacheAwareContextLoaderDelegate from class [org.springframework.test.context.cache.DefaultCacheAwareContextLoaderDelegate]
13:49:51.419 [Test worker] DEBUG org.springframework.test.context.BootstrapUtils - Instantiating BootstrapContext using constructor [public org.springframework.test.context.support.DefaultBootstrapContext(java.lang.Class,org.springframework.test.context.CacheAwareContextLoaderDelegate)]
13:49:52.597 [Test worker] DEBUG org.springframework.test.context.BootstrapUtils - Instantiating TestContextBootstrapper for test class [com.discount.discount.DiscountApplicationTests] from class [org.springframework.boot.test.context.SpringBootTestContextBootstrapper]
13:49:53.193 [Test worker] INFO org.springframework.boot.test.context.SpringBootTestContextBootstrapper - Neither @ContextConfiguration nor @ContextHierarchy found for test class [com.discount.discount.DiscountApplicationTests], using SpringBootContextLoader
13:49:53.380 [Test worker] DEBUG org.springframework.test.context.support.AbstractContextLoader - Did not detect default resource location for test class [com.discount.discount.DiscountApplicationTests]: class path resource [com/discount/discount/DiscountApplicationTests-context.xml] does not exist
13:49:53.414 [Test worker] DEBUG org.springframework.test.context.support.AbstractContextLoader - Did not detect default resource location for test class [com.discount.discount.DiscountApplicationTests]: class path resource [com/discount/discount/DiscountApplicationTestsContext.groovy] does not exist
13:49:53.415 [Test worker] INFO org.springframework.test.context.support.AbstractContextLoader - Could not detect default resource locations for test class [com.discount.discount.DiscountApplicationTests]: no resource found for suffixes {-context.xml, Context.groovy}.
13:49:53.437 [Test worker] INFO org.springframework.test.context.support.AnnotationConfigContextLoaderUtils - Could not detect default configuration classes for test class [com.discount.discount.DiscountApplicationTests]: DiscountApplicationTests does not declare any static, non-private, non-final, nested classes annotated with @Configuration.
13:49:55.012 [Test worker] DEBUG org.springframework.test.context.support.ActiveProfilesUtils - Could not find an 'annotation declaring class' for annotation type [org.springframework.test.context.ActiveProfiles] and class [com.discount.discount.DiscountApplicationTests]
13:49:56.364 [Test worker] DEBUG org.springframework.context.annotation.ClassPathScanningCandidateComponentProvider - Identified candidate component class: file [/mnt/c/Users/ad199/IdeaProjects/Discounts-Web-Api-old/build/classes/java/main/com/discount/discount/DiscountApplication.class]
13:49:56.420 [Test worker] INFO org.springframework.boot.test.context.SpringBootTestContextBootstrapper - Found @SpringBootConfiguration com.discount.discount.DiscountApplication for test class com.discount.discount.DiscountApplicationTests
13:49:58.736 [Test worker] DEBUG org.springframework.boot.test.context.SpringBootTestContextBootstrapper - @TestExecutionListeners is not present for class [com.discount.discount.DiscountApplicationTests]: using defaults.
13:49:58.740 [Test worker] INFO org.springframework.boot.test.context.SpringBootTestContextBootstrapper - Loaded default TestExecutionListener class names from location [META-INF/spring.factories]: [org.springframework.boot.test.autoconfigure.restdocs.RestDocsTestExecutionListener, org.springframework.boot.test.autoconfigure.web.client.MockRestServiceServerResetTestExecutionListener, org.springframework.boot.test.autoconfigure.web.servlet.MockMvcPrintOnlyOnFailureTestExecutionListener, org.springframework.boot.test.autoconfigure.web.servlet.WebDriverTestExecutionListener, org.springframework.boot.test.autoconfigure.webservices.client.MockWebServiceServerTestExecutionListener, org.springframework.boot.test.mock.mockito.MockitoTestExecutionListener, org.springframework.boot.test.mock.mockito.ResetMocksTestExecutionListener, org.springframework.test.context.web.ServletTestExecutionListener, org.springframework.test.context.support.DirtiesContextBeforeModesTestExecutionListener, org.springframework.test.context.event.ApplicationEventsTestExecutionListener, org.springframework.test.context.support.DependencyInjectionTestExecutionListener, org.springframework.test.context.support.DirtiesContextTestExecutionListener, org.springframework.test.context.transaction.TransactionalTestExecutionListener, org.springframework.test.context.jdbc.SqlScriptsTestExecutionListener, org.springframework.test.context.event.EventPublishingTestExecutionListener]
13:49:59.399 [Test worker] DEBUG org.springframework.boot.test.context.SpringBootTestContextBootstrapper - Skipping candidate TestExecutionListener [org.springframework.test.context.transaction.TransactionalTestExecutionListener] due to a missing dependency. Specify custom listener classes or make the default listener classes and their required dependencies available. Offending class: [org/springframework/transaction/interceptor/TransactionAttributeSource]
13:49:59.420 [Test worker] DEBUG org.springframework.boot.test.context.SpringBootTestContextBootstrapper - Skipping candidate TestExecutionListener [org.springframework.test.context.jdbc.SqlScriptsTestExecutionListener] due to a missing dependency. Specify custom listener classes or make the default listener classes and their required dependencies available. Offending class: [org/springframework/transaction/interceptor/TransactionAttribute]
13:49:59.421 [Test worker] INFO org.springframework.boot.test.context.SpringBootTestContextBootstrapper - Using TestExecutionListeners: [org.springframework.test.context.web.ServletTestExecutionListener@2fc0cc3, org.springframework.test.context.support.DirtiesContextBeforeModesTestExecutionListener@328cf0e1, org.springframework.test.context.event.ApplicationEventsTestExecutionListener@63b1d4fa, org.springframework.boot.test.mock.mockito.MockitoTestExecutionListener@42e3ede4, org.springframework.boot.test.autoconfigure.SpringBootDependencyInjectionTestExecutionListener@201b6b6f, org.springframework.test.context.support.DirtiesContextTestExecutionListener@75459c75, org.springframework.test.context.event.EventPublishingTestExecutionListener@183e8023, org.springframework.boot.test.autoconfigure.restdocs.RestDocsTestExecutionListener@45efc20d, org.springframework.boot.test.autoconfigure.web.client.MockRestServiceServerResetTestExecutionListener@3e5499cc, org.springframework.boot.test.autoconfigure.web.servlet.MockMvcPrintOnlyOnFailureTestExecutionListener@67ab1c47, org.springframework.boot.test.autoconfigure.web.servlet.WebDriverTestExecutionListener@b78a709, org.springframework.boot.test.autoconfigure.webservices.client.MockWebServiceServerTestExecutionListener@30bcf3c1, org.springframework.boot.test.mock.mockito.ResetMocksTestExecutionListener@2a3c96e3]
13:49:59.577 [Test worker] DEBUG org.springframework.test.context.support.AbstractDirtiesContextTestExecutionListener - Before test class: context [DefaultTestContext@14b030a0 testClass = DiscountApplicationTests, testInstance = [null], testMethod = [null], testException = [null], mergedContextConfiguration = [WebMergedContextConfiguration@41e350f1 testClass = DiscountApplicationTests, locations = '{}', classes = '{class com.discount.discount.DiscountApplication}', contextInitializerClasses = '[]', activeProfiles = '{}', propertySourceLocations = '{}', propertySourceProperties = '{org.springframework.boot.test.context.SpringBootTestContextBootstrapper=true}', contextCustomizers = set[org.springframework.boot.test.autoconfigure.actuate.metrics.MetricsExportContextCustomizerFactory$DisableMetricExportContextCustomizer@176b75f7, org.springframework.boot.test.autoconfigure.properties.PropertyMappingContextCustomizer@0, org.springframework.boot.test.autoconfigure.web.servlet.WebDriverContextCustomizerFactory$Customizer@436c81a3, org.springframework.boot.test.context.filter.ExcludeFilterContextCustomizer@609db546, org.springframework.boot.test.json.DuplicateJsonObjectContextCustomizerFactory$DuplicateJsonObjectContextCustomizer@301eda63, org.springframework.boot.test.mock.mockito.MockitoContextCustomizer@0, org.springframework.boot.test.web.client.TestRestTemplateContextCustomizer@45a37759, org.springframework.boot.test.context.SpringBootTestArgs@1, org.springframework.boot.test.context.SpringBootTestWebEnvironment@1ff4931d], resourceBasePath = 'src/main/webapp', contextLoader = 'org.springframework.boot.test.context.SpringBootContextLoader', parent = [null]], attributes = map['org.springframework.test.context.web.ServletTestExecutionListener.activateListener' -> true]], class annotated with @DirtiesContext [false] with mode [null].
13:50:01.007 [Test worker] DEBUG org.springframework.boot.ApplicationServletEnvironment - Activating profiles []
13:50:01.009 [Test worker] DEBUG org.springframework.test.context.support.TestPropertySourceUtils - Adding inlined properties to environment: {spring.jmx.enabled=false, org.springframework.boot.test.context.SpringBootTestContextBootstrapper=true}

  .   ____          _            __ _ _
 /\\ / ___'_ __ _ _(_)_ __  __ _ \ \ \ \
( ( )\___ | '_ | '_| | '_ \/ _` | \ \ \ \
 \\/  ___)| |_)| | | | | || (_| |  ) ) ) )
  '  |____| .__|_| |_|_| |_\__, | / / / /
 =========|_|==============|___/=/_/_/_/
 :: Spring Boot ::                (v2.6.1)

2021-12-18 13:50:04.274  INFO 1651 --- [    Test worker] c.d.discount.DiscountApplicationTests    : Starting DiscountApplicationTests using Java 11.0.11 on Sabbagh99 with PID 1651 (started by sabbagh99 in /mnt/c/Users/ad199/IdeaProjects/Discounts-Web-Api-old)
2021-12-18 13:50:04.278  INFO 1651 --- [    Test worker] c.d.discount.DiscountApplicationTests    : No active profile set, falling back to default profiles: default
2021-12-18 13:50:21.749  INFO 1651 --- [    Test worker] c.d.discount.DiscountApplicationTests    : Started DiscountApplicationTests in 20.738 seconds (JVM running for 39.142)
]]></system-out>
  <system-err><![CDATA[]]></system-err>
</testsuite>
